
R version 3.6.3 (2020-02-29) -- "Holding the Windsock"
Copyright (C) 2020 The R Foundation for Statistical Computing
Platform: x86_64-unknown-linux-gnu (64-bit)

R is free software and comes with ABSOLUTELY NO WARRANTY.
You are welcome to redistribute it under certain conditions.
Type 'license()' or 'licence()' for distribution details.

  Natural language support but running in an English locale

R is a collaborative project with many contributors.
Type 'contributors()' for more information and
'citation()' on how to cite R or R packages in publications.

Type 'demo()' for some demos, 'help()' for on-line help, or
'help.start()' for an HTML browser interface to help.
Type 'q()' to quit R.

> 

Attaching package: ‘dplyr’

The following objects are masked from ‘package:data.table’:

    between, first, last

The following objects are masked from ‘package:stats’:

    filter, lag

The following objects are masked from ‘package:base’:

    intersect, setdiff, setequal, union

  omp_get_num_procs()            4
  R_DATATABLE_NUM_PROCS_PERCENT  unset (default 50)
  R_DATATABLE_NUM_THREADS        unset
  omp_get_thread_limit()         2147483647
  omp_get_max_threads()          4
  OMP_THREAD_LIMIT               unset
  OMP_NUM_THREADS                unset
  RestoreAfterFork               true
  data.table is using 2 threads. See ?setDTthreads.
Input contains no \n. Taking this to be a filename to open
[01] Check arguments
  Using 2 threads (omp_get_max_threads()=4, nth=2)
  NAstrings = [<<NA>>]
  None of the NAstrings look like numbers.
  show progress = 0
  0/1 column will be read as integer
[02] Opening the file
  Opening file survivaldata.csv
  File opened, size = 21.75GB (23354955283 bytes).
  Memory mapped ok
[03] Detect and skip BOM
[04] Arrange mmap to be \0 terminated
  \n has been found in the input and different lines can end with different line endings (e.g. mixed \n and \r\n in one file). This is common and ideal.
[05] Skipping initial rows if needed
  Positioned on line 1 starting: <<AnimalIdentifier,BirthDate,Her>>
[06] Detect separator, quoting rule, and ncolumns
  Detecting sep automatically ...
  sep=','  with 100 lines of 18 fields using quote rule 0
  Detected 18 columns on line 1. This line is either column names or first data row. Line starts as: <<AnimalIdentifier,BirthDate,Her>>
  Quote rule picked = 0
  fill=false and the most number of columns found is 18
[07] Detect column types, good nrow estimate and whether first row is column names
  'header' changed by user from 'auto' to true
  Number of sampling jump points = 100 because (23354955282 bytes from row 1 to eof) / (2 * 19645 jump0size) == 594424
  Type codes (jump 000)    : AA5AA5AAAAAA775AAA  Quote rule 0
  Type codes (jump 100)    : AA5AA5AAAAAA775AAA  Quote rule 0
  =====
  Sampled 10048 rows (handled \n inside quoted fields) at 101 jump points
  Bytes from first data row on line 2 to the end of last row: 23354955102
  Line length: mean=203.90 sd=12.90 min=159 max=244
  Estimated number of rows: 23354955102 / 203.90 = 114542407
  Initial alloc = 131140494 rows (114542407 + 14%) using bytes/max(mean-2*sd,min) clamped between [1.1*estn, 2.0*estn]
  =====
[08] Assign column names
[09] Apply user overrides on column types
  After 0 type and 0 drop user overrides : AA5AA5AAAAAA775AAA
[10] Allocate memory for the datatable
  Allocating 18 column slots (18 - 0 dropped) with 131140494 rows
[11] Read the data
  jumps=[0..22274), chunk_size=1048529, total_size=23354955102
Read 114506145 rows x 18 columns from 21.75GB (23354955283 bytes) file in 25:02.527 wall clock time
[12] Finalizing the datatable
  Type counts:
         3 : int32     '5'
         2 : float64   '7'
        13 : string    'A'
=============================
   0.001s (  0%) Memory map 21.751GB file
   3.817s (  0%) sep=',' ncol=18 and header detection
   0.000s (  0%) Column type detection using 10048 sample rows
  19.414s (  1%) Allocation of 131140494 rows x 18 cols (16.122GB) of which 114506145 ( 87%) rows used
1479.295s ( 98%) Reading 22274 chunks (0 swept) of 1.000MB (each chunk 5140 rows) using 2 threads
   +   40.744s (  3%) Parse to row-major thread buffers (grown 0 times)
   + 1438.182s ( 96%) Transpose
   +    0.369s (  0%) Waiting
   0.000s (  0%) Rereading 0 columns due to out-of-sample type exceptions
1502.527s        Total
Classes ‘data.table’ and 'data.frame':	114506145 obs. of  18 variables:
 $ AnimalIdentifier: chr  "AT 0026853806" "AT 0026853806" "AT 0026853806" "AT 0026853806" ...
 $ BirthDate       : chr  "2008-12-12" "2008-12-12" "2008-12-12" "2008-12-12" ...
 $ HerdIdentifier  : int  5904913 5904913 5904913 5904913 5904913 5904913 5904913 5904913 5904913 5904913 ...
 $ parity          : chr  "3-4th parity" "3-4th parity" "3-4th parity" "3-4th parity" ...
 $ TestDate        : chr  "2014-01-24" "2014-03-08" "2014-04-20" "2014-05-30" ...
 $ event           : int  0 0 0 0 0 0 0 0 0 0 ...
 $ max_date        : chr  "2015-12-15" "2015-12-15" "2015-12-15" "2015-12-15" ...
 $ min_date        : chr  "2014-01-24" "2014-01-24" "2014-01-24" "2014-01-24" ...
 $ SCCfactor       : chr  "below 200" "below 200" "below 200" "below 200" ...
 $ fprfactor       : chr  "below 50%" "below 50%" "below 50%" "below 50%" ...
 $ fprfactor2      : chr  "Below 50%" "Below 50%" "Below 50%" "Below 50%" ...
 $ lastparity      : chr  "3-4th parity" "3-4th parity" "3-4th parity" "3-4th parity" ...
 $ tstart          : num  267 273 279 285 291 ...
 $ tstop           : num  273 279 285 291 297 ...
 $ LactValue       : int  83 82 78 83 85 88 87 78 90 80 ...
 $ LactValue1      : chr  "below 90" "below 90" "below 90" "below 90" ...
 $ perfactor       : chr  "between 2014 and 2016" "between 2014 and 2016" "between 2014 and 2016" "between 2014 and 2016" ...
 $ Insemfactor     : chr  "below 2" "below 2" "below 2" "below 2" ...
 - attr(*, ".internal.selfref")=<externalptr> 
 AnimalIdentifier    BirthDate         HerdIdentifier     
 Length:114506145   Length:114506145   6430782:   121698  
 Class :character   Class :character   8266731:    83131  
 Mode  :character   Mode  :character   8744570:    65165  
                                       6919701:    50714  
                                       213682 :    50396  
                                       7265484:    46285  
                                       (Other):114088756  
                  parity           TestDate             event        
 1st parity          :34517660   Length:114506145   Min.   :0.00000  
 2nd parity          :28438152   Class :character   1st Qu.:0.00000  
 3-4th parity        :35092020   Mode  :character   Median :0.00000  
 more than 4 parities:16458313                      Mean   :0.02525  
                                                    3rd Qu.:0.00000  
                                                    Max.   :1.00000  
                                                                     
   max_date           min_date                        SCCfactor       
 Length:114506145   Length:114506145   below 200           :91912692  
 Class :character   Class :character   between 200 and 600 :15257987  
 Mode  :character   Mode  :character   between 600 and 1000: 3202567  
                                       more than 1000      : 4132899  
                                                                      
                                                                      
                                                                      
         fprfactor                 fprfactor2         lastparity       
 below 50%    :112705286   Below 50%    :114436777   Length:114506145  
 more than 50%:  1800859   more than 50%:    69368   Class :character  
                                                     Mode  :character  
                                                                       
                                                                       
                                                                       
                                                                       
     tstart           tstop          LactValue     
 Min.   :-152.3   Min.   :-147.1   Min.   :  0.00  
 1st Qu.: 157.4   1st Qu.: 163.9   1st Qu.: 92.00  
 Median : 214.0   Median : 220.3   Median :100.00  
 Mean   : 237.6   Mean   : 243.5   Mean   : 97.14  
 3rd Qu.: 293.1   3rd Qu.: 299.0   3rd Qu.:109.00  
 Max.   :1193.6   Max.   :1198.1   Max.   :302.00  
                                                   
             LactValue1                       perfactor       
 below 90         :26023175   before 2014          :49613372  
 between 91 to 110:65532040   between 2014 and 2016:33652664  
 more than 110    :22950930   beyond 2016          :31240109  
                                                              
                                                              
                                                              
                                                              
          Insemfactor      
 below 2        :63753449  
 between 2 and 5:47408119  
 beyond 5       : 3344577  
                           
                           
                           
                           
 AnimalIdentifier    BirthDate         HerdIdentifier     
 Length:114506145   Length:114506145   6430782:   121698  
 Class :character   Class :character   8266731:    83131  
 Mode  :character   Mode  :character   8744570:    65165  
                                       6919701:    50714  
                                       213682 :    50396  
                                       7265484:    46285  
                                       (Other):114088756  
                  parity           TestDate             event        
 1st parity          :34517660   Length:114506145   Min.   :0.00000  
 2nd parity          :28438152   Class :character   1st Qu.:0.00000  
 3-4th parity        :35092020   Mode  :character   Median :0.00000  
 more than 4 parities:16458313                      Mean   :0.02525  
                                                    3rd Qu.:0.00000  
                                                    Max.   :1.00000  
                                                                     
   max_date           min_date                        SCCfactor       
 Length:114506145   Length:114506145   below 200           :91912692  
 Class :character   Class :character   between 200 and 600 :15257987  
 Mode  :character   Mode  :character   between 600 and 1000: 3202567  
                                       more than 1000      : 4132899  
                                                                      
                                                                      
                                                                      
         fprfactor                 fprfactor2         lastparity       
 below 50%    :112705286   Below 50%    :114436777   Length:114506145  
 more than 50%:  1800859   more than 50%:    69368   Class :character  
                                                     Mode  :character  
                                                                       
                                                                       
                                                                       
                                                                       
     tstart              tstop             LactValue     
 Min.   :   0.1429   Min.   :   0.1429   Min.   :  0.00  
 1st Qu.: 157.4286   1st Qu.: 163.8571   1st Qu.: 92.00  
 Median : 214.0000   Median : 220.2857   Median :100.00  
 Mean   : 237.6489   Mean   : 243.4860   Mean   : 97.14  
 3rd Qu.: 293.1429   3rd Qu.: 299.0000   3rd Qu.:109.00  
 Max.   :1193.5714   Max.   :1198.0714   Max.   :302.00  
 NA's   :40          NA's   :38                          
             LactValue1                       perfactor       
 below 90         :26023175   before 2014          :49613372  
 between 91 to 110:65532040   between 2014 and 2016:33652664  
 more than 110    :22950930   beyond 2016          :31240109  
                                                              
                                                              
                                                              
                                                              
          Insemfactor      
 below 2        :63753449  
 between 2 and 5:47408119  
 beyond 5       : 3344577  
                           
                           
                           
                           

Attaching package: ‘MASS’

The following object is masked from ‘package:dplyr’:

    select


Call:
survreg(formula = Surv(tstart, tstop, event = event, type = "interval") ~ 
    perfactor + perfactor:LactValue1 + perfactor:SCCfactor + 
        perfactor:fprfactor + perfactor:parity + LactValue1 + 
        parity + Insemfactor + SCCfactor + fprfactor + fprfactor2 + 
        cluster(HerdIdentifier), data = df2, dist = "lognormal")
                                                                 Value
(Intercept)                                                   5.507804
perfactorbetween 2014 and 2016                               -0.010740
perfactorbeyond 2016                                         -0.063816
LactValue1between 91 to 110                                   0.114772
LactValue1more than 110                                       0.201549
parity2nd parity                                              0.296578
parity3-4th parity                                            0.631965
paritymore than 4 parities                                    1.052632
Insemfactorbetween 2 and 5                                    0.067846
Insemfactorbeyond 5                                           0.101844
SCCfactorbetween 200 and 600                                 -0.048652
SCCfactorbetween 600 and 1000                                -0.077656
SCCfactormore than 1000                                      -0.140685
fprfactormore than 50%                                        0.039388
fprfactor2more than 50%                                      -0.039564
perfactorbetween 2014 and 2016:LactValue1between 91 to 110    0.001450
perfactorbeyond 2016:LactValue1between 91 to 110             -0.002223
perfactorbetween 2014 and 2016:LactValue1more than 110        0.001177
perfactorbeyond 2016:LactValue1more than 110                 -0.017740
perfactorbetween 2014 and 2016:SCCfactorbetween 200 and 600   0.008079
perfactorbeyond 2016:SCCfactorbetween 200 and 600             0.010574
perfactorbetween 2014 and 2016:SCCfactorbetween 600 and 1000  0.015580
perfactorbeyond 2016:SCCfactorbetween 600 and 1000            0.026577
perfactorbetween 2014 and 2016:SCCfactormore than 1000        0.014922
perfactorbeyond 2016:SCCfactormore than 1000                  0.036714
perfactorbetween 2014 and 2016:fprfactormore than 50%        -0.001743
perfactorbeyond 2016:fprfactormore than 50%                  -0.015800
perfactorbetween 2014 and 2016:parity2nd parity              -0.005248
perfactorbeyond 2016:parity2nd parity                         0.005015
perfactorbetween 2014 and 2016:parity3-4th parity            -0.005474
perfactorbeyond 2016:parity3-4th parity                       0.009887
perfactorbetween 2014 and 2016:paritymore than 4 parities    -0.026500
perfactorbeyond 2016:paritymore than 4 parities              -0.012787
Log(scale)                                                   -1.309740
                                                              Std. Err
(Intercept)                                                   0.001589
perfactorbetween 2014 and 2016                                0.000871
perfactorbeyond 2016                                          0.001015
LactValue1between 91 to 110                                   0.000451
LactValue1more than 110                                       0.000782
parity2nd parity                                              0.000534
parity3-4th parity                                            0.000674
paritymore than 4 parities                                    0.001055
Insemfactorbetween 2 and 5                                    0.000511
Insemfactorbeyond 5                                           0.001367
SCCfactorbetween 200 and 600                                  0.000484
SCCfactorbetween 600 and 1000                                 0.000776
SCCfactormore than 1000                                       0.000846
fprfactormore than 50%                                        0.001668
fprfactor2more than 50%                                       0.006866
perfactorbetween 2014 and 2016:LactValue1between 91 to 110    0.000536
perfactorbeyond 2016:LactValue1between 91 to 110              0.000571
perfactorbetween 2014 and 2016:LactValue1more than 110        0.000874
perfactorbeyond 2016:LactValue1more than 110                  0.000933
perfactorbetween 2014 and 2016:SCCfactorbetween 200 and 600   0.000612
perfactorbeyond 2016:SCCfactorbetween 200 and 600             0.000691
perfactorbetween 2014 and 2016:SCCfactorbetween 600 and 1000  0.001054
perfactorbeyond 2016:SCCfactorbetween 600 and 1000            0.001151
perfactorbetween 2014 and 2016:SCCfactormore than 1000        0.000993
perfactorbeyond 2016:SCCfactormore than 1000                  0.001102
perfactorbetween 2014 and 2016:fprfactormore than 50%         0.002559
perfactorbeyond 2016:fprfactormore than 50%                   0.004019
perfactorbetween 2014 and 2016:parity2nd parity               0.000723
perfactorbeyond 2016:parity2nd parity                         0.000725
perfactorbetween 2014 and 2016:parity3-4th parity             0.000801
perfactorbeyond 2016:parity3-4th parity                       0.000845
perfactorbetween 2014 and 2016:paritymore than 4 parities     0.001078
perfactorbeyond 2016:paritymore than 4 parities               0.001245
Log(scale)                                                    0.002046
                                                             (Naive SE)       z
(Intercept)                                                    0.000389 3467.03
perfactorbetween 2014 and 2016                                 0.000534  -12.33
perfactorbeyond 2016                                           0.000520  -62.85
LactValue1between 91 to 110                                    0.000264  254.42
LactValue1more than 110                                        0.000434  257.57
parity2nd parity                                               0.000375  555.76
parity3-4th parity                                             0.000351  937.35
paritymore than 4 parities                                     0.000396  997.91
Insemfactorbetween 2 and 5                                     0.000162  132.65
Insemfactorbeyond 5                                            0.000423   74.53
SCCfactorbetween 200 and 600                                   0.000298 -100.58
SCCfactorbetween 600 and 1000                                  0.000532 -100.11
SCCfactormore than 1000                                        0.000432 -166.25
fprfactormore than 50%                                         0.000763   23.62
fprfactor2more than 50%                                        0.002754   -5.76
perfactorbetween 2014 and 2016:LactValue1between 91 to 110     0.000409    2.70
perfactorbeyond 2016:LactValue1between 91 to 110               0.000399   -3.89
perfactorbetween 2014 and 2016:LactValue1more than 110         0.000677    1.35
perfactorbeyond 2016:LactValue1more than 110                   0.000643  -19.01
perfactorbetween 2014 and 2016:SCCfactorbetween 200 and 600    0.000479   13.20
perfactorbeyond 2016:SCCfactorbetween 200 and 600              0.000481   15.31
perfactorbetween 2014 and 2016:SCCfactorbetween 600 and 1000   0.000865   14.78
perfactorbeyond 2016:SCCfactorbetween 600 and 1000             0.000883   23.10
perfactorbetween 2014 and 2016:SCCfactormore than 1000         0.000681   15.02
perfactorbeyond 2016:SCCfactormore than 1000                   0.000695   33.30
perfactorbetween 2014 and 2016:fprfactormore than 50%          0.001427   -0.68
perfactorbeyond 2016:fprfactormore than 50%                    0.001507   -3.93
perfactorbetween 2014 and 2016:parity2nd parity                0.000597   -7.26
perfactorbeyond 2016:parity2nd parity                          0.000570    6.91
perfactorbetween 2014 and 2016:parity3-4th parity              0.000555   -6.83
perfactorbeyond 2016:parity3-4th parity                        0.000533   11.70
perfactorbetween 2014 and 2016:paritymore than 4 parities      0.000623  -24.59
perfactorbeyond 2016:paritymore than 4 parities                0.000605  -10.27
Log(scale)                                                     0.000382 -640.20
                                                                   p
(Intercept)                                                  < 2e-16
perfactorbetween 2014 and 2016                               < 2e-16
perfactorbeyond 2016                                         < 2e-16
LactValue1between 91 to 110                                  < 2e-16
LactValue1more than 110                                      < 2e-16
parity2nd parity                                             < 2e-16
parity3-4th parity                                           < 2e-16
paritymore than 4 parities                                   < 2e-16
Insemfactorbetween 2 and 5                                   < 2e-16
Insemfactorbeyond 5                                          < 2e-16
SCCfactorbetween 200 and 600                                 < 2e-16
SCCfactorbetween 600 and 1000                                < 2e-16
SCCfactormore than 1000                                      < 2e-16
fprfactormore than 50%                                       < 2e-16
fprfactor2more than 50%                                      8.3e-09
perfactorbetween 2014 and 2016:LactValue1between 91 to 110    0.0068
perfactorbeyond 2016:LactValue1between 91 to 110             9.9e-05
perfactorbetween 2014 and 2016:LactValue1more than 110        0.1781
perfactorbeyond 2016:LactValue1more than 110                 < 2e-16
perfactorbetween 2014 and 2016:SCCfactorbetween 200 and 600  < 2e-16
perfactorbeyond 2016:SCCfactorbetween 200 and 600            < 2e-16
perfactorbetween 2014 and 2016:SCCfactorbetween 600 and 1000 < 2e-16
perfactorbeyond 2016:SCCfactorbetween 600 and 1000           < 2e-16
perfactorbetween 2014 and 2016:SCCfactormore than 1000       < 2e-16
perfactorbeyond 2016:SCCfactormore than 1000                 < 2e-16
perfactorbetween 2014 and 2016:fprfactormore than 50%         0.4958
perfactorbeyond 2016:fprfactormore than 50%                  8.5e-05
perfactorbetween 2014 and 2016:parity2nd parity              3.9e-13
perfactorbeyond 2016:parity2nd parity                        4.7e-12
perfactorbetween 2014 and 2016:parity3-4th parity            8.2e-12
perfactorbeyond 2016:parity3-4th parity                      < 2e-16
perfactorbetween 2014 and 2016:paritymore than 4 parities    < 2e-16
perfactorbeyond 2016:paritymore than 4 parities              < 2e-16
Log(scale)                                                   < 2e-16

Scale= 0.27 

Log Normal distribution
Loglik(model)= -23441634   Loglik(intercept only)= -26684539
	Chisq= 6485810 on 32 degrees of freedom, p= 0 
(Loglikelihood assumes independent observations)
Number of Newton-Raphson Iterations: 9 
n= 114506105 

[1]       34 46883336
